Command line invocation:
    /Applications/Xcode.app/Contents/Developer/usr/bin/xcodebuild -scheme Focal -destination "platform=iOS Simulator,name=iPhone 15" build

2026-01-13 22:48:51.149 xcodebuild[75577:1378044] [MT] IDERunDestination: Supported platforms for the buildables in the current scheme is empty.
2026-01-13 22:49:51.297 xcodebuild[75577:1378044] Writing error result bundle to /var/folders/vj/ckzqgbdn6qq3zdbm8lbnkc140000gn/T/ResultBundle_2026-13-01_22-49-0051.xcresult
xcodebuild: error: Unable to find a device matching the provided destination specifier:
		{ platform:iOS Simulator, OS:latest, name:iPhone 15 }

	The requested device could not be found because no available devices matched the request.

	Available destinations for the "Focal" scheme:
		{ platform:macOS, arch:arm64, variant:Designed for [iPad,iPhone], id:00006034-000A318C01B8001C, name:My Mac }
		{ platform:iOS, arch:arm64, id:00008120-000A7CC20280201E, name:Venkata’s iPhone }
		{ platform:iOS, id:dvtdevice-DVTiPhonePlaceholder-iphoneos:placeholder, name:Any iOS Device }
		{ platform:iOS Simulator, id:dvtdevice-DVTiOSDeviceSimulatorPlaceholder-iphonesimulator:placeholder, name:Any iOS Simulator Device }
		{ platform:iOS Simulator, arch:arm64, id:03AE6032-585F-4291-9829-C9BAA486617E, OS:26.1, name:iPad (A16) }
		{ platform:iOS Simulator, arch:arm64, id:7010C87E-4F82-4161-B7B5-66771F939C8F, OS:26.2, name:iPad (A16) }
		{ platform:iOS Simulator, arch:arm64, id:C1681D8D-4932-44E1-BD19-2E203885178C, OS:26.1, name:iPad Air 11-inch (M3) }
		{ platform:iOS Simulator, arch:arm64, id:76D2CAE4-45B8-4612-8E03-ED15798A8AC6, OS:26.2, name:iPad Air 11-inch (M3) }
		{ platform:iOS Simulator, arch:arm64, id:1972F247-0E3C-4A23-A512-1BFA1CBD04FB, OS:26.1, name:iPad Air 13-inch (M3) }
		{ platform:iOS Simulator, arch:arm64, id:13A86D66-433E-4F75-9102-27C812A58CF9, OS:26.2, name:iPad Air 13-inch (M3) }
		{ platform:iOS Simulator, arch:arm64, id:731537F7-A80A-4CA7-97E3-829F40054A0F, OS:26.1, name:iPad Pro 11-inch (M5) }
		{ platform:iOS Simulator, arch:arm64, id:BD9D7D1F-3DC7-469A-AD56-C584D076E564, OS:26.2, name:iPad Pro 11-inch (M5) }
		{ platform:iOS Simulator, arch:arm64, id:FCEEEDA8-AB76-4F7A-91F5-E3FDB69ABBDA, OS:26.1, name:iPad Pro 13-inch (M5) }
		{ platform:iOS Simulator, arch:arm64, id:CD16B101-7FD1-4D71-99B0-B5263A0745E3, OS:26.2, name:iPad Pro 13-inch (M5) }
		{ platform:iOS Simulator, arch:arm64, id:A97D8FCE-F4CE-4C18-B9FB-E356EDC0AED8, OS:26.1, name:iPad mini (A17 Pro) }
		{ platform:iOS Simulator, arch:arm64, id:CAAF6334-0A57-485A-B683-F56072C78F9F, OS:26.2, name:iPad mini (A17 Pro) }
		{ platform:iOS Simulator, arch:arm64, id:36AE0757-572F-4799-93F4-73C4308420A3, OS:26.1, name:iPhone 16e }
		{ platform:iOS Simulator, arch:arm64, id:8B89A94D-9D3D-4845-974D-C248252EEF38, OS:26.2, name:iPhone 16e }
		{ platform:iOS Simulator, arch:arm64, id:07DEADF7-F62B-45AD-86D9-A596C11893CA, OS:26.1, name:iPhone 17 }
		{ platform:iOS Simulator, arch:arm64, id:CD23287E-DBB5-446D-82B0-5C524F3216BD, OS:26.2, name:iPhone 17 }
		{ platform:iOS Simulator, arch:arm64, id:A9E63561-A45B-42A1-A57B-088C1263FCE7, OS:26.1, name:iPhone 17 Pro }
		{ platform:iOS Simulator, arch:arm64, id:3275663A-7E7F-4FB5-97A3-62981F2CDB45, OS:26.2, name:iPhone 17 Pro }
		{ platform:iOS Simulator, arch:arm64, id:BC536E9F-F399-4B81-A0F6-34D5CA24D319, OS:26.1, name:iPhone 17 Pro Max }
		{ platform:iOS Simulator, arch:arm64, id:71CDF06C-0F16-48EE-A65D-A6DC662AAC67, OS:26.2, name:iPhone 17 Pro Max }
		{ platform:iOS Simulator, arch:arm64, id:9D95C9BE-CBDE-4150-9A48-4A44F9476E15, OS:26.1, name:iPhone Air }
		{ platform:iOS Simulator, arch:arm64, id:61D8BB45-3614-4A95-ABE9-2DAF1F072B5D, OS:26.2, name:iPhone Air }
